   0: Msg("EOF expected")
|  1: Msg("identifier expected")
|  2: Msg("integer expected")
|  3: Msg("real expected")
|  4: Msg("string expected")
|  5: Msg("'MODULE' expected")
|  6: Msg("';' expected")
|  7: Msg("'.' expected")
|  8: Msg("'[' expected")
|  9: Msg("']' expected")
| 10: Msg("'DEFINITION' expected")
| 11: Msg("'END' expected")
| 12: Msg("'IMPLEMENTATION' expected")
| 13: Msg("'IMPORT' expected")
| 14: Msg("',' expected")
| 15: Msg("'FROM' expected")
| 16: Msg("'EXPORT' expected")
| 17: Msg("'QUALIFIED' expected")
| 18: Msg("'CONST' expected")
| 19: Msg("'TYPE' expected")
| 20: Msg("'VAR' expected")
| 21: Msg("'PROCEDURE' expected")
| 22: Msg("'(' expected")
| 23: Msg("')' expected")
| 24: Msg("':' expected")
| 25: Msg("'ARRAY' expected")
| 26: Msg("'OF' expected")
| 27: Msg("'=' expected")
| 28: Msg("'FORWARD' expected")
| 29: Msg("'..' expected")
| 30: Msg("'SET' expected")
| 31: Msg("'PACKEDSET' expected")
| 32: Msg("'POINTER' expected")
| 33: Msg("'TO' expected")
| 34: Msg("'RECORD' expected")
| 35: Msg("'CASE' expected")
| 36: Msg("'|' expected")
| 37: Msg("'ELSE' expected")
| 38: Msg("'BEGIN' expected")
| 39: Msg("'FINALLY' expected")
| 40: Msg("'EXCEPT' expected")
| 41: Msg("':=' expected")
| 42: Msg("'RETURN' expected")
| 43: Msg("'RETRY' expected")
| 44: Msg("'WITH' expected")
| 45: Msg("'DO' expected")
| 46: Msg("'IF' expected")
| 47: Msg("'THEN' expected")
| 48: Msg("'ELSIF' expected")
| 49: Msg("'WHILE' expected")
| 50: Msg("'REPEAT' expected")
| 51: Msg("'UNTIL' expected")
| 52: Msg("'LOOP' expected")
| 53: Msg("'EXIT' expected")
| 54: Msg("'FOR' expected")
| 55: Msg("'BY' expected")
| 56: Msg("'^' expected")
| 57: Msg("'@' expected")
| 58: Msg("'+' expected")
| 59: Msg("'-' expected")
| 60: Msg("'~' expected")
| 61: Msg("'NOT' expected")
| 62: Msg("'#' expected")
| 63: Msg("'<>' expected")
| 64: Msg("'<' expected")
| 65: Msg("'>' expected")
| 66: Msg("'<=' expected")
| 67: Msg("'>=' expected")
| 68: Msg("'IN' expected")
| 69: Msg("'OR' expected")
| 70: Msg("'*' expected")
| 71: Msg("'/' expected")
| 72: Msg("'REM' expected")
| 73: Msg("'DIV' expected")
| 74: Msg("'MOD' expected")
| 75: Msg("'&' expected")
| 76: Msg("'AND' expected")
| 77: Msg("'{' expected")
| 78: Msg("'}' expected")
| 79: Msg("'NIL' expected")
| 80: Msg("not expected")
| 81: Msg("invalid PointerLiteral")
| 82: Msg("invalid ConstLiteral")
| 83: Msg("invalid FactorOp")
| 84: Msg("this symbol not expected in Factor")
| 85: Msg("invalid Factor")
| 86: Msg("invalid TermOp")
| 87: Msg("invalid RelationalOp")
| 88: Msg("this symbol not expected in SimpleExpr")
| 89: Msg("this symbol not expected in Expr")
| 90: Msg("invalid Designator")
| 91: Msg("this symbol not expected in Stat")
| 92: Msg("invalid Stat")
| 93: Msg("invalid Stat")
| 94: Msg("invalid OrdTypeDenoter")
| 95: Msg("invalid FuncProc2")
| 96: Msg("invalid ProperProc2")
| 97: Msg("invalid FormalParams2")
| 98: Msg("invalid FormalParams2")
| 99: Msg("this symbol not expected in Decl")
|100: Msg("this symbol not expected in Decl")
|101: Msg("this symbol not expected in Decl")
|102: Msg("this symbol not expected in Decl")
|103: Msg("this symbol not expected in Decl")
|104: Msg("invalid Decl")
|105: Msg("invalid TypeDenoter")
|106: Msg("invalid FormalParam")
|107: Msg("invalid ExportList")
|108: Msg("this symbol not expected in Def")
|109: Msg("this symbol not expected in Def")
|110: Msg("this symbol not expected in Def")
|111: Msg("this symbol not expected in Def")
|112: Msg("invalid Def")
|113: Msg("invalid ImportList")
|114: Msg("invalid C2")
